<?xml version="1.0" encoding="UTF-8"?>
<!-- Generated by org.testng.reporters.JUnitReportReporter -->
<testsuite hostname="LAPTOP-C2RA5JIE" failures="0" tests="3" name="seleniumwithTestNG.TestNGClass" time="0.028" errors="0" timestamp="2019-12-05T22:04:15 EST" skipped="0">
  <testcase classname="seleniumwithTestNG.TestNGClass" name="f3" time="0.006"/>
  <testcase classname="seleniumwithTestNG.TestNGClass" name="f2" time="0.009"/>
  <testcase classname="seleniumwithTestNG.TestNGClass" name="f1" time="0.013"/>
</testsuite> <!-- seleniumwithTestNG.TestNGClass -->
